\BOOKMARK [1][-]{section.1}{Introduction}{}% 1
\BOOKMARK [2][-]{subsection.1.1}{Purpose}{section.1}% 2
\BOOKMARK [2][-]{subsection.1.2}{Scope}{section.1}% 3
\BOOKMARK [2][-]{subsection.1.3}{Definitions, acronyms, and abbreviations}{section.1}% 4
\BOOKMARK [2][-]{subsection.1.4}{References}{section.1}% 5
\BOOKMARK [2][-]{subsection.1.5}{Overview}{section.1}% 6
\BOOKMARK [1][-]{section.2}{Overall description}{}% 7
\BOOKMARK [2][-]{subsection.2.1}{Product perspective}{section.2}% 8
\BOOKMARK [2][-]{subsection.2.2}{Product functions}{section.2}% 9
\BOOKMARK [2][-]{subsection.2.3}{User characteristics}{section.2}% 10
\BOOKMARK [2][-]{subsection.2.4}{Constraints}{section.2}% 11
\BOOKMARK [2][-]{subsection.2.5}{Assumptions and Dependencies}{section.2}% 12
\BOOKMARK [2][-]{subsection.2.6}{Apportioning of Requirements}{section.2}% 13
\BOOKMARK [1][-]{section.3}{Specific Requirements}{}% 14
\BOOKMARK [2][-]{subsection.3.1}{External Interfaces}{section.3}% 15
\BOOKMARK [2][-]{subsection.3.2}{Functions}{section.3}% 16
\BOOKMARK [2][-]{subsection.3.3}{Performance Requirements}{section.3}% 17
\BOOKMARK [2][-]{subsection.3.4}{Logical Database Requirements}{section.3}% 18
\BOOKMARK [2][-]{subsection.3.5}{Design Constraints}{section.3}% 19
\BOOKMARK [2][-]{subsection.3.6}{Software System Attributes}{section.3}% 20
\BOOKMARK [3][-]{subsubsection.3.6.1}{Reliability}{subsection.3.6}% 21
\BOOKMARK [1][-]{section.4}{Appendixes}{}% 22
\BOOKMARK [1][-]{section.5}{Index}{}% 23
